#
# A fatal error has been detected by the Java Runtime Environment:
#
#  EXCEPTION_ACCESS_VIOLATION (0xc0000005) at pc=0x0000000000000000, pid=15164, tid=17040
#
# JRE version: OpenJDK Runtime Environment (20.0.1+9) (build 20.0.1+9-29)
# Java VM: OpenJDK 64-Bit Server VM (20.0.1+9-29, mixed mode, sharing, tiered, compressed oops, compressed class ptrs, g1 gc, windows-amd64)
# Problematic frame:
# C  [jdwp.dll+0x1611f]
#
# No core dump will be written. Minidumps are not enabled by default on client versions of Windows
#
# If you would like to submit a bug report, please visit:
#   https://bugreport.java.com/bugreport/crash.jsp
# The crash happened outside the Java Virtual Machine in native code.
# See problematic frame for where to report the bug.
#

---------------  S U M M A R Y ------------

Command Line: -agentlib:jdwp=transport=dt_socket,address=127.0.0.1:65122,suspend=y,server=n -javaagent:C:\Users\fefee\AppData\Local\JetBrains\IdeaIC2023.1\captureAgent\debugger-agent.jar -Dfile.encoding=UTF-8 -Dsun.stdout.encoding=UTF-8 -Dsun.stderr.encoding=UTF-8 org.catshooter.core.Main

Host: Intel(R) Core(TM) i5-10400 CPU @ 2.90GHz, 12 cores, 15G,  Windows 10 , 64 bit Build 19041 (10.0.19041.3031)
Time: Wed Jun 28 18:47:50 2023 Hora est. Sudamérica Pacífico elapsed time: 1.023583 seconds (0d 0h 0m 1s)

---------------  T H R E A D  ---------------

Current thread (0x00000129af7b3ee0):  JavaThread "main" [_thread_in_native, id=17040, stack(0x0000000100600000,0x0000000100700000)]

Stack: [0x0000000100600000,0x0000000100700000],  sp=0x00000001006fe450,  free space=1017k
Native frames: (J=compiled Java code, j=interpreted, Vv=VM code, C=native code)

Java frames: (J=compiled Java code, j=interpreted, Vv=VM code)
j  org.lwjgl.opengl.GL11.glGetString(I)Ljava/lang/String;+1
j  com.badlogic.gdx.backends.lwjgl3.Lwjgl3Application.initiateGL()V+3
j  com.badlogic.gdx.backends.lwjgl3.Lwjgl3Application.createGlfwWindow(Lcom/badlogic/gdx/backends/lwjgl3/Lwjgl3ApplicationConfiguration;J)J+582
j  com.badlogic.gdx.backends.lwjgl3.Lwjgl3Application.createWindow(Lcom/badlogic/gdx/backends/lwjgl3/Lwjgl3Window;Lcom/badlogic/gdx/backends/lwjgl3/Lwjgl3ApplicationConfiguration;J)V+2
j  com.badlogic.gdx.backends.lwjgl3.Lwjgl3Application.createWindow(Lcom/badlogic/gdx/backends/lwjgl3/Lwjgl3ApplicationConfiguration;Lcom/badlogic/gdx/ApplicationListener;J)Lcom/badlogic/gdx/backends/lwjgl3/Lwjgl3Window;+23
j  com.badlogic.gdx.backends.lwjgl3.Lwjgl3Application.<init>(Lcom/badlogic/gdx/ApplicationListener;Lcom/badlogic/gdx/backends/lwjgl3/Lwjgl3ApplicationConfiguration;)V+233
j  org.catshooter.core.Main.main([Ljava/lang/String;)V+52
v  ~StubRoutines::call_stub 0x00000129beda100d

siginfo: EXCEPTION_ACCESS_VIOLATION (0xc0000005), data execution prevention violation at address 0x0000000000000000


Registers:
RAX=0x00000129dbad0000, RBX=0x00000129af7a05d0, RCX=0x00000129af7b41c0, RDX=0x00000129af7a05d0
RSP=0x00000001006fe448, RBP=0x0000000000000002, RSI=0x00000001006fe4f0, RDI=0x00000129af7b41c0
R8 =0x0000000000010002, R9 =0x0000000000000000, R10=0x00007ffed1370000, R11=0x00000001006fe418
R12=0x0000000000000007, R13=0x00000129af7a0f00, R14=0x00007ffec9370300, R15=0x0000000000000000
RIP=0x0000000000000000, EFLAGS=0x0000000000010202


Register to memory mapping:

RIP=0x0 is NULL
RAX=0x00000129dbad0000 points into unknown readable memory: 0x0000000000000000 | 00 00 00 00 00 00 00 00
RBX=0x00000129af7a05d0 points into unknown readable memory: 0x0000000710035540 | 40 55 03 10 07 00 00 00
RCX=0x00000129af7b41c0 points into unknown readable memory: 0x00000129dbad0000 | 00 00 ad db 29 01 00 00
RDX=0x00000129af7a05d0 points into unknown readable memory: 0x0000000710035540 | 40 55 03 10 07 00 00 00
RSP=0x00000001006fe448 is pointing into the stack for thread: 0x00000129af7b3ee0
RBP=0x0000000000000002 is an unknown value
RSI=0x00000001006fe4f0 is pointing into the stack for thread: 0x00000129af7b3ee0
RDI=0x00000129af7b41c0 points into unknown readable memory: 0x00000129dbad0000 | 00 00 ad db 29 01 00 00
R8 =0x0000000000010002 is an unknown value
R9 =0x0 is NULL
R10=0x00007ffed1370000 VCRUNTIME140.dll
R11=0x00000001006fe418 is pointing into the stack for thread: 0x00000129af7b3ee0
R12=0x0000000000000007 is an unknown value
R13=0x00000129af7a0f00 points into unknown readable memory: 0x00007ffea09ee370 | 70 e3 9e a0 fe 7f 00 00
R14=0x00007ffec9370300 jdwp.dll
R15=0x0 is NULL


Top of Stack: (sp=0x00000001006fe448)
0x00000001006fe448:   00007ffec935611f 00000129af7a05d0
0x00000001006fe458:   00000001006fe4f0 0000000000000000
0x00000001006fe468:   0000000000000000 00007ffea09e20b0
0x00000001006fe478:   0000000000004290 00000129ad4b1fd8
0x00000001006fe488:   00007ffec9370348 00000129af7a05d0
0x00000001006fe498:   00007ffec935279f 00000129af7a05d0
0x00000001006fe4a8:   0000000000000002 00000129af7b41c0
0x00000001006fe4b8:   00000129af7a05d8 00000001006fe650
0x00000001006fe4c8:   00007ffea043d4cd 00000008010829fc
0x00000001006fe4d8:   00000001006fe650 00000001006fe650
0x00000001006fe4e8:   00007ffea05311ef 0000000000000007
0x00000001006fe4f8:   00000129af7a05d0 0000000000000000
0x00000001006fe508:   00000129af7a05d8 0000000000000000
0x00000001006fe518:   0000000000000000 0000000000000000
0x00000001006fe528:   0000000000000000 0000000000000000
0x00000001006fe538:   0000000000000000 0000000000000000
0x00000001006fe548:   00000129af7a05d0 0000000801082958
0x00000001006fe558:   00007ffea0418f85 00000129af7a05d8
0x00000001006fe568:   00000129d34f4d50 00000129af7b3ee0
0x00000001006fe578:   00007ffea043e6f5 00000129ad4b1f98
0x00000001006fe588:   00007ffea0268a26 0000000000000000
0x00000001006fe598:   00000129af7ae6d0 00000129af7b3ee0
0x00000001006fe5a8:   000000080060e218 00000129ad4cadb0
0x00000001006fe5b8:   00000129af7b4430 00000129af7b4440
0x00000001006fe5c8:   00000129af7b4818 00000000000003d8
0x00000001006fe5d8:   00000129af7b3ee0 00000129af7b3ee0
0x00000001006fe5e8:   00000129ad4cab70 00000129ad495c60
0x00000001006fe5f8:   00000129ad495c98 00000129ad495d48
0x00000001006fe608:   00000000000000d8 00000001006fe620
0x00000001006fe618:   00000001006fe750 00000129af7b3ee0
0x00000001006fe628:   00000129ad4cab70 00000129ad495c60
0x00000001006fe638:   00000129ad495c98 00000129ad495d48 

Instructions: (pc=0x00007ffec935611f)
0x00007ffec935601f:   2c 41 b8 61 02 00 00 48 8d 0d 6b 6f 01 00 48 8b
0x00007ffec935602f:   d3 e8 cb 50 00 00 41 8b cc e8 33 a0 ff ff 48 8b
0x00007ffec935603f:   d0 48 8d 0d 49 a4 01 00 e8 5c 51 00 00 4c 8b 4e
0x00007ffec935604f:   28 48 8d 0d 51 a4 01 00 4c 8b 46 20 48 8b 56 08
0x00007ffec935605f:   e8 00 0d 01 00 48 8b 05 c5 10 02 00 f6 80 10 02
0x00007ffec935606f:   00 00 02 74 28 41 b8 6a 02 00 00 48 8d 0d 83 63
0x00007ffec935607f:   01 00 48 8b d3 e8 77 50 00 00 48 8d 15 68 64 01
0x00007ffec935608f:   00 48 8d 0d 81 63 01 00 e8 0c 51 00 00 48 8b 07
0x00007ffec935609f:   48 8b cf ff 50 78 48 8b 0d 84 10 02 00 4c 8b f8
0x00007ffec93560af:   f6 81 10 02 00 00 02 74 28 41 b8 6b 02 00 00 48
0x00007ffec93560bf:   8d 0d 3f 63 01 00 48 8b d3 e8 33 50 00 00 48 8d
0x00007ffec93560cf:   15 5c 64 01 00 48 8d 0d 3d 63 01 00 e8 c8 50 00
0x00007ffec93560df:   00 48 8b 07 48 8b cf ff 90 88 00 00 00 83 3d f9
0x00007ffec93560ef:   0b 02 00 00 76 0c e8 6e 5c ff ff 83 25 eb 0b 02
0x00007ffec93560ff:   00 00 48 8b 5e 08 48 85 db 74 4b 48 8b 05 1f 10
0x00007ffec935610f:   02 00 80 78 13 00 74 0b 48 8b cb e8 a9 06 01 00
0x00007ffec935611f:   88 46 10 4d 8b c7 48 8b d6 41 8a ce e8 d8 a0 00
0x00007ffec935612f:   00 48 8b e8 48 85 c0 75 25 48 8b cb e8 c4 44 00
0x00007ffec935613f:   00 84 c0 0f 84 ea 00 00 00 48 8b d3 41 8a ce e8
0x00007ffec935614f:   ad 13 00 00 eb e3 e8 0e 0e 00 00 48 8b e8 4c 8b
0x00007ffec935615f:   cd 44 88 74 24 20 45 8b c4 48 8b d6 48 8b cf e8
0x00007ffec935616f:   e1 00 00 00 83 3e 14 75 0b 48 8b 05 b1 0f 02 00
0x00007ffec935617f:   c6 40 10 01 48 85 db 75 08 48 8b cd e8 ac 53 ff
0x00007ffec935618f:   ff 48 8b 05 99 0f 02 00 4d 85 ff 74 43 f6 80 10
0x00007ffec935619f:   02 00 00 02 74 2c 41 b8 b3 02 00 00 48 8d 15 96
0x00007ffec93561af:   a1 01 00 48 8d 0d 4b 62 01 00 e8 42 4f 00 00 48
0x00007ffec93561bf:   8d 15 db 7d 01 00 48 8d 0d 4c 62 01 00 e8 d7 4f
0x00007ffec93561cf:   00 00 48 8b 07 49 8b d7 48 8b cf ff 50 68 eb 41
0x00007ffec93561df:   f6 80 10 02 00 00 02 74 2c 41 b8 b5 02 00 00 48
0x00007ffec93561ef:   8d 15 53 a1 01 00 48 8d 0d 08 62 01 00 e8 ff 4e
0x00007ffec93561ff:   00 00 48 8d 15 28 63 01 00 48 8d 0d 09 62 01 00
0x00007ffec935620f:   e8 94 4f 00 00 48 8b 07 48 8b cf ff 90 88 00 00 


Stack slot to memory mapping:
stack at sp + 0 slots: 0x00000129af7a05d0 points into unknown readable memory: 0x0000000710035540 | 40 55 03 10 07 00 00 00
stack at sp + 1 slots: 0x00000001006fe4f0 is pointing into the stack for thread: 0x00000129af7b3ee0
stack at sp + 2 slots: 0x0 is NULL
stack at sp + 3 slots: 0x0 is NULL
stack at sp + 4 slots: 0x00007ffea09e20b0 jvm.dll
stack at sp + 5 slots: 0x0000000000004290 is an unknown value
stack at sp + 6 slots: 0x00000129ad4b1fd8 points into unknown readable memory: 0x8000000400000001 | 01 00 00 00 04 00 00 80
stack at sp + 7 slots: 0x00007ffec9370348 jdwp.dll


---------------  P R O C E S S  ---------------

Threads class SMR info:
_java_thread_list=0x00000129d8d1a510, length=15, elements={
0x00000129af7b3ee0, 0x00000129cf1c7070, 0x00000129cf1c7c70, 0x00000129cf1cb530,
0x00000129cf1cef90, 0x00000129cf1d0070, 0x00000129cf1d1150, 0x00000129cf1d34b0,
0x00000129cf1db240, 0x00000129d34edc50, 0x00000129d3694690, 0x00000129d35a8d00,
0x00000129d35aa4b0, 0x00000129d35b9120, 0x00000129d8d9e4c0
}

Java Threads: ( => current thread )
=>0x00000129af7b3ee0 JavaThread "main" [_thread_in_native, id=17040, stack(0x0000000100600000,0x0000000100700000)]
  0x00000129cf1c7070 JavaThread "Reference Handler" daemon [_thread_blocked, id=13724, stack(0x0000000100d00000,0x0000000100e00000)]
  0x00000129cf1c7c70 JavaThread "Finalizer" daemon [_thread_blocked, id=15920, stack(0x0000000100e00000,0x0000000100f00000)]
  0x00000129cf1cb530 JavaThread "Signal Dispatcher" daemon [_thread_blocked, id=5148, stack(0x0000000100f00000,0x0000000101000000)]
  0x00000129cf1cef90 JavaThread "Attach Listener" daemon [_thread_blocked, id=13764, stack(0x0000000101000000,0x0000000101100000)]
  0x00000129cf1d0070 JavaThread "Service Thread" daemon [_thread_blocked, id=14656, stack(0x0000000101100000,0x0000000101200000)]
  0x00000129cf1d1150 JavaThread "Monitor Deflation Thread" daemon [_thread_blocked, id=9976, stack(0x0000000101200000,0x0000000101300000)]
  0x00000129cf1d34b0 JavaThread "C2 CompilerThread0" daemon [_thread_blocked, id=10872, stack(0x0000000101300000,0x0000000101400000)]
  0x00000129cf1db240 JavaThread "C1 CompilerThread0" daemon [_thread_blocked, id=16344, stack(0x0000000101400000,0x0000000101500000)]
  0x00000129d34edc50 JavaThread "Common-Cleaner" daemon [_thread_blocked, id=14560, stack(0x0000000101500000,0x0000000101600000)]
  0x00000129d3694690 JavaThread "JDWP Transport Listener: dt_socket" daemon [_thread_blocked, id=14132, stack(0x0000000101600000,0x0000000101700000)]
  0x00000129d35a8d00 JavaThread "JDWP Event Helper Thread" daemon [_thread_blocked, id=5324, stack(0x0000000101700000,0x0000000101800000)]
  0x00000129d35aa4b0 JavaThread "JDWP Command Reader" daemon [_thread_in_native, id=756, stack(0x0000000101800000,0x0000000101900000)]
  0x00000129d35b9120 JavaThread "Notification Thread" daemon [_thread_blocked, id=12508, stack(0x0000000101900000,0x0000000101a00000)]
  0x00000129d8d9e4c0 JavaThread "C2 CompilerThread1" daemon [_thread_in_native, id=2192, stack(0x0000000102600000,0x0000000102700000)]

Other Threads:
  0x00000129cf1a7960 VMThread "VM Thread" [stack: 0x0000000100c00000,0x0000000100d00000] [id=2752]
  0x00000129d35b9e80 WatcherThread "VM Periodic Task Thread" [stack: 0x0000000101a00000,0x0000000101b00000] [id=15136]
  0x00000129af8282f0 WorkerThread "GC Thread#0" [stack: 0x0000000100700000,0x0000000100800000] [id=7480]
  0x00000129d8de0e70 WorkerThread "GC Thread#1" [stack: 0x0000000102700000,0x0000000102800000] [id=6416]
  0x00000129d900a040 WorkerThread "GC Thread#2" [stack: 0x0000000102800000,0x0000000102900000] [id=6596]
  0x00000129d900a310 WorkerThread "GC Thread#3" [stack: 0x0000000102900000,0x0000000102a00000] [id=13628]
  0x00000129d8fec640 WorkerThread "GC Thread#4" [stack: 0x0000000102a00000,0x0000000102b00000] [id=6908]
  0x00000129d8db1600 WorkerThread "GC Thread#5" [stack: 0x0000000102b00000,0x0000000102c00000] [id=14000]
  0x00000129d8db1330 WorkerThread "GC Thread#6" [stack: 0x0000000102c00000,0x0000000102d00000] [id=10512]
  0x00000129d8db2410 WorkerThread "GC Thread#7" [stack: 0x0000000102d00000,0x0000000102e00000] [id=16688]
  0x00000129d8db29b0 WorkerThread "GC Thread#8" [stack: 0x0000000102e00000,0x0000000102f00000] [id=12784]
  0x00000129d8db2140 WorkerThread "GC Thread#9" [stack: 0x0000000102f00000,0x0000000103000000] [id=15304]
  0x00000129af83a140 ConcurrentGCThread "G1 Main Marker" [stack: 0x0000000100800000,0x0000000100900000] [id=16924]
  0x00000129af83b220 WorkerThread "G1 Conc#0" [stack: 0x0000000100900000,0x0000000100a00000] [id=13604]
  0x00000129af87e3e0 ConcurrentGCThread "G1 Refine#0" [stack: 0x0000000100a00000,0x0000000100b00000] [id=16356]
  0x00000129cf057190 ConcurrentGCThread "G1 Service" [stack: 0x0000000100b00000,0x0000000100c00000] [id=9132]

Threads with active compile tasks:

VM state: not at safepoint (normal execution)

VM Mutex/Monitor currently owned by a thread: None

Heap address: 0x0000000701800000, size: 4072 MB, Compressed Oops mode: Zero based, Oop shift amount: 3

CDS archive(s) mapped at: [0x0000000800000000-0x0000000800c60000-0x0000000800c60000), size 12976128, SharedBaseAddress: 0x0000000800000000, ArchiveRelocationMode: 0.
Compressed class space mapped at: 0x0000000801000000-0x0000000841000000, reserved size: 1073741824
Narrow klass base: 0x0000000800000000, Narrow klass shift: 0, Narrow klass range: 0x100000000

GC Precious Log:
 CardTable entry size: 512
 Card Set container configuration: InlinePtr #cards 4 size 8 Array Of Cards #cards 16 size 48 Howl #buckets 8 coarsen threshold 3686 Howl Bitmap #cards 512 size 80 coarsen threshold 460 Card regions per heap region 1 cards per card region 4096
 CPUs: 12 total, 12 available
 Memory: 16283M
 Large Page Support: Disabled
 NUMA Support: Disabled
 Compressed Oops: Enabled (Zero based)
 Heap Region Size: 2M
 Heap Min Capacity: 8M
 Heap Initial Capacity: 256M
 Heap Max Capacity: 4072M
 Pre-touch: Disabled
 Parallel Workers: 10
 Concurrent Workers: 3
 Concurrent Refinement Workers: 10
 Periodic GC: Disabled

Heap:
 garbage-first heap   total 262144K, used 4895K [0x0000000701800000, 0x0000000800000000)
  region size 2048K, 4 young (8192K), 2 survivors (4096K)
 Metaspace       used 6727K, committed 6912K, reserved 1114112K
  class space    used 359K, committed 448K, reserved 1048576K

Heap Regions: E=young(eden), S=young(survivor), O=old, HS=humongous(starts), HC=humongous(continues), CS=collection set, F=free, OA=open archive, CA=closed archive, TAMS=top-at-mark-start, PB=parsable bottom
|   0|0x0000000701800000, 0x0000000701800000, 0x0000000701a00000|  0%| F|  |TAMS 0x0000000701800000| PB 0x0000000701800000| Untracked 
|   1|0x0000000701a00000, 0x0000000701a00000, 0x0000000701c00000|  0%| F|  |TAMS 0x0000000701a00000| PB 0x0000000701a00000| Untracked 
|   2|0x0000000701c00000, 0x0000000701c00000, 0x0000000701e00000|  0%| F|  |TAMS 0x0000000701c00000| PB 0x0000000701c00000| Untracked 
|   3|0x0000000701e00000, 0x0000000701e00000, 0x0000000702000000|  0%| F|  |TAMS 0x0000000701e00000| PB 0x0000000701e00000| Untracked 
|   4|0x0000000702000000, 0x0000000702000000, 0x0000000702200000|  0%| F|  |TAMS 0x0000000702000000| PB 0x0000000702000000| Untracked 
|   5|0x0000000702200000, 0x0000000702200000, 0x0000000702400000|  0%| F|  |TAMS 0x0000000702200000| PB 0x0000000702200000| Untracked 
|   6|0x0000000702400000, 0x0000000702400000, 0x0000000702600000|  0%| F|  |TAMS 0x0000000702400000| PB 0x0000000702400000| Untracked 
|   7|0x0000000702600000, 0x0000000702600000, 0x0000000702800000|  0%| F|  |TAMS 0x0000000702600000| PB 0x0000000702600000| Untracked 
|   8|0x0000000702800000, 0x0000000702800000, 0x0000000702a00000|  0%| F|  |TAMS 0x0000000702800000| PB 0x0000000702800000| Untracked 
|   9|0x0000000702a00000, 0x0000000702a00000, 0x0000000702c00000|  0%| F|  |TAMS 0x0000000702a00000| PB 0x0000000702a00000| Untracked 
|  10|0x0000000702c00000, 0x0000000702c00000, 0x0000000702e00000|  0%| F|  |TAMS 0x0000000702c00000| PB 0x0000000702c00000| Untracked 
|  11|0x0000000702e00000, 0x0000000702e00000, 0x0000000703000000|  0%| F|  |TAMS 0x0000000702e00000| PB 0x0000000702e00000| Untracked 
|  12|0x0000000703000000, 0x0000000703000000, 0x0000000703200000|  0%| F|  |TAMS 0x0000000703000000| PB 0x0000000703000000| Untracked 
|  13|0x0000000703200000, 0x0000000703200000, 0x0000000703400000|  0%| F|  |TAMS 0x0000000703200000| PB 0x0000000703200000| Untracked 
|  14|0x0000000703400000, 0x0000000703400000, 0x0000000703600000|  0%| F|  |TAMS 0x0000000703400000| PB 0x0000000703400000| Untracked 
|  15|0x0000000703600000, 0x0000000703600000, 0x0000000703800000|  0%| F|  |TAMS 0x0000000703600000| PB 0x0000000703600000| Untracked 
|  16|0x0000000703800000, 0x0000000703800000, 0x0000000703a00000|  0%| F|  |TAMS 0x0000000703800000| PB 0x0000000703800000| Untracked 
|  17|0x0000000703a00000, 0x0000000703a00000, 0x0000000703c00000|  0%| F|  |TAMS 0x0000000703a00000| PB 0x0000000703a00000| Untracked 
|  18|0x0000000703c00000, 0x0000000703c00000, 0x0000000703e00000|  0%| F|  |TAMS 0x0000000703c00000| PB 0x0000000703c00000| Untracked 
|  19|0x0000000703e00000, 0x0000000703e00000, 0x0000000704000000|  0%| F|  |TAMS 0x0000000703e00000| PB 0x0000000703e00000| Untracked 
|  20|0x0000000704000000, 0x0000000704000000, 0x0000000704200000|  0%| F|  |TAMS 0x0000000704000000| PB 0x0000000704000000| Untracked 
|  21|0x0000000704200000, 0x0000000704200000, 0x0000000704400000|  0%| F|  |TAMS 0x0000000704200000| PB 0x0000000704200000| Untracked 
|  22|0x0000000704400000, 0x0000000704400000, 0x0000000704600000|  0%| F|  |TAMS 0x0000000704400000| PB 0x0000000704400000| Untracked 
|  23|0x0000000704600000, 0x0000000704600000, 0x0000000704800000|  0%| F|  |TAMS 0x0000000704600000| PB 0x0000000704600000| Untracked 
|  24|0x0000000704800000, 0x0000000704800000, 0x0000000704a00000|  0%| F|  |TAMS 0x0000000704800000| PB 0x0000000704800000| Untracked 
|  25|0x0000000704a00000, 0x0000000704a00000, 0x0000000704c00000|  0%| F|  |TAMS 0x0000000704a00000| PB 0x0000000704a00000| Untracked 
|  26|0x0000000704c00000, 0x0000000704c00000, 0x0000000704e00000|  0%| F|  |TAMS 0x0000000704c00000| PB 0x0000000704c00000| Untracked 
|  27|0x0000000704e00000, 0x0000000704e00000, 0x0000000705000000|  0%| F|  |TAMS 0x0000000704e00000| PB 0x0000000704e00000| Untracked 
|  28|0x0000000705000000, 0x0000000705000000, 0x0000000705200000|  0%| F|  |TAMS 0x0000000705000000| PB 0x0000000705000000| Untracked 
|  29|0x0000000705200000, 0x0000000705200000, 0x0000000705400000|  0%| F|  |TAMS 0x0000000705200000| PB 0x0000000705200000| Untracked 
|  30|0x0000000705400000, 0x0000000705400000, 0x0000000705600000|  0%| F|  |TAMS 0x0000000705400000| PB 0x0000000705400000| Untracked 
|  31|0x0000000705600000, 0x0000000705600000, 0x0000000705800000|  0%| F|  |TAMS 0x0000000705600000| PB 0x0000000705600000| Untracked 
|  32|0x0000000705800000, 0x0000000705800000, 0x0000000705a00000|  0%| F|  |TAMS 0x0000000705800000| PB 0x0000000705800000| Untracked 
|  33|0x0000000705a00000, 0x0000000705a00000, 0x0000000705c00000|  0%| F|  |TAMS 0x0000000705a00000| PB 0x0000000705a00000| Untracked 
|  34|0x0000000705c00000, 0x0000000705c00000, 0x0000000705e00000|  0%| F|  |TAMS 0x0000000705c00000| PB 0x0000000705c00000| Untracked 
|  35|0x0000000705e00000, 0x0000000705e00000, 0x0000000706000000|  0%| F|  |TAMS 0x0000000705e00000| PB 0x0000000705e00000| Untracked 
|  36|0x0000000706000000, 0x0000000706000000, 0x0000000706200000|  0%| F|  |TAMS 0x0000000706000000| PB 0x0000000706000000| Untracked 
|  37|0x0000000706200000, 0x0000000706200000, 0x0000000706400000|  0%| F|  |TAMS 0x0000000706200000| PB 0x0000000706200000| Untracked 
|  38|0x0000000706400000, 0x0000000706400000, 0x0000000706600000|  0%| F|  |TAMS 0x0000000706400000| PB 0x0000000706400000| Untracked 
|  39|0x0000000706600000, 0x0000000706600000, 0x0000000706800000|  0%| F|  |TAMS 0x0000000706600000| PB 0x0000000706600000| Untracked 
|  40|0x0000000706800000, 0x0000000706800000, 0x0000000706a00000|  0%| F|  |TAMS 0x0000000706800000| PB 0x0000000706800000| Untracked 
|  41|0x0000000706a00000, 0x0000000706a00000, 0x0000000706c00000|  0%| F|  |TAMS 0x0000000706a00000| PB 0x0000000706a00000| Untracked 
|  42|0x0000000706c00000, 0x0000000706c00000, 0x0000000706e00000|  0%| F|  |TAMS 0x0000000706c00000| PB 0x0000000706c00000| Untracked 
|  43|0x0000000706e00000, 0x0000000706e00000, 0x0000000707000000|  0%| F|  |TAMS 0x0000000706e00000| PB 0x0000000706e00000| Untracked 
|  44|0x0000000707000000, 0x0000000707000000, 0x0000000707200000|  0%| F|  |TAMS 0x0000000707000000| PB 0x0000000707000000| Untracked 
|  45|0x0000000707200000, 0x0000000707200000, 0x0000000707400000|  0%| F|  |TAMS 0x0000000707200000| PB 0x0000000707200000| Untracked 
|  46|0x0000000707400000, 0x0000000707400000, 0x0000000707600000|  0%| F|  |TAMS 0x0000000707400000| PB 0x0000000707400000| Untracked 
|  47|0x0000000707600000, 0x0000000707600000, 0x0000000707800000|  0%| F|  |TAMS 0x0000000707600000| PB 0x0000000707600000| Untracked 
|  48|0x0000000707800000, 0x0000000707800000, 0x0000000707a00000|  0%| F|  |TAMS 0x0000000707800000| PB 0x0000000707800000| Untracked 
|  49|0x0000000707a00000, 0x0000000707a00000, 0x0000000707c00000|  0%| F|  |TAMS 0x0000000707a00000| PB 0x0000000707a00000| Untracked 
|  50|0x0000000707c00000, 0x0000000707c00000, 0x0000000707e00000|  0%| F|  |TAMS 0x0000000707c00000| PB 0x0000000707c00000| Untracked 
|  51|0x0000000707e00000, 0x0000000707e00000, 0x0000000708000000|  0%| F|  |TAMS 0x0000000707e00000| PB 0x0000000707e00000| Untracked 
|  52|0x0000000708000000, 0x0000000708000000, 0x0000000708200000|  0%| F|  |TAMS 0x0000000708000000| PB 0x0000000708000000| Untracked 
|  53|0x0000000708200000, 0x0000000708200000, 0x0000000708400000|  0%| F|  |TAMS 0x0000000708200000| PB 0x0000000708200000| Untracked 
|  54|0x0000000708400000, 0x0000000708400000, 0x0000000708600000|  0%| F|  |TAMS 0x0000000708400000| PB 0x0000000708400000| Untracked 
|  55|0x0000000708600000, 0x0000000708600000, 0x0000000708800000|  0%| F|  |TAMS 0x0000000708600000| PB 0x0000000708600000| Untracked 
|  56|0x0000000708800000, 0x0000000708800000, 0x0000000708a00000|  0%| F|  |TAMS 0x0000000708800000| PB 0x0000000708800000| Untracked 
|  57|0x0000000708a00000, 0x0000000708a00000, 0x0000000708c00000|  0%| F|  |TAMS 0x0000000708a00000| PB 0x0000000708a00000| Untracked 
|  58|0x0000000708c00000, 0x0000000708c00000, 0x0000000708e00000|  0%| F|  |TAMS 0x0000000708c00000| PB 0x0000000708c00000| Untracked 
|  59|0x0000000708e00000, 0x0000000708e00000, 0x0000000709000000|  0%| F|  |TAMS 0x0000000708e00000| PB 0x0000000708e00000| Untracked 
|  60|0x0000000709000000, 0x0000000709000000, 0x0000000709200000|  0%| F|  |TAMS 0x0000000709000000| PB 0x0000000709000000| Untracked 
|  61|0x0000000709200000, 0x0000000709200000, 0x0000000709400000|  0%| F|  |TAMS 0x0000000709200000| PB 0x0000000709200000| Untracked 
|  62|0x0000000709400000, 0x0000000709400000, 0x0000000709600000|  0%| F|  |TAMS 0x0000000709400000| PB 0x0000000709400000| Untracked 
|  63|0x0000000709600000, 0x0000000709600000, 0x0000000709800000|  0%| F|  |TAMS 0x0000000709600000| PB 0x0000000709600000| Untracked 
|  64|0x0000000709800000, 0x0000000709800000, 0x0000000709a00000|  0%| F|  |TAMS 0x0000000709800000| PB 0x0000000709800000| Untracked 
|  65|0x0000000709a00000, 0x0000000709a00000, 0x0000000709c00000|  0%| F|  |TAMS 0x0000000709a00000| PB 0x0000000709a00000| Untracked 
|  66|0x0000000709c00000, 0x0000000709c00000, 0x0000000709e00000|  0%| F|  |TAMS 0x0000000709c00000| PB 0x0000000709c00000| Untracked 
|  67|0x0000000709e00000, 0x0000000709e00000, 0x000000070a000000|  0%| F|  |TAMS 0x0000000709e00000| PB 0x0000000709e00000| Untracked 
|  68|0x000000070a000000, 0x000000070a000000, 0x000000070a200000|  0%| F|  |TAMS 0x000000070a000000| PB 0x000000070a000000| Untracked 
|  69|0x000000070a200000, 0x000000070a200000, 0x000000070a400000|  0%| F|  |TAMS 0x000000070a200000| PB 0x000000070a200000| Untracked 
|  70|0x000000070a400000, 0x000000070a400000, 0x000000070a600000|  0%| F|  |TAMS 0x000000070a400000| PB 0x000000070a400000| Untracked 
|  71|0x000000070a600000, 0x000000070a600000, 0x000000070a800000|  0%| F|  |TAMS 0x000000070a600000| PB 0x000000070a600000| Untracked 
|  72|0x000000070a800000, 0x000000070a800000, 0x000000070aa00000|  0%| F|  |TAMS 0x000000070a800000| PB 0x000000070a800000| Untracked 
|  73|0x000000070aa00000, 0x000000070aa00000, 0x000000070ac00000|  0%| F|  |TAMS 0x000000070aa00000| PB 0x000000070aa00000| Untracked 
|  74|0x000000070ac00000, 0x000000070ac00000, 0x000000070ae00000|  0%| F|  |TAMS 0x000000070ac00000| PB 0x000000070ac00000| Untracked 
|  75|0x000000070ae00000, 0x000000070ae00000, 0x000000070b000000|  0%| F|  |TAMS 0x000000070ae00000| PB 0x000000070ae00000| Untracked 
|  76|0x000000070b000000, 0x000000070b000000, 0x000000070b200000|  0%| F|  |TAMS 0x000000070b000000| PB 0x000000070b000000| Untracked 
|  77|0x000000070b200000, 0x000000070b200000, 0x000000070b400000|  0%| F|  |TAMS 0x000000070b200000| PB 0x000000070b200000| Untracked 
|  78|0x000000070b400000, 0x000000070b400000, 0x000000070b600000|  0%| F|  |TAMS 0x000000070b400000| PB 0x000000070b400000| Untracked 
|  79|0x000000070b600000, 0x000000070b600000, 0x000000070b800000|  0%| F|  |TAMS 0x000000070b600000| PB 0x000000070b600000| Untracked 
|  80|0x000000070b800000, 0x000000070b800000, 0x000000070ba00000|  0%| F|  |TAMS 0x000000070b800000| PB 0x000000070b800000| Untracked 
|  81|0x000000070ba00000, 0x000000070ba00000, 0x000000070bc00000|  0%| F|  |TAMS 0x000000070ba00000| PB 0x000000070ba00000| Untracked 
|  82|0x000000070bc00000, 0x000000070bc00000, 0x000000070be00000|  0%| F|  |TAMS 0x000000070bc00000| PB 0x000000070bc00000| Untracked 
|  83|0x000000070be00000, 0x000000070be00000, 0x000000070c000000|  0%| F|  |TAMS 0x000000070be00000| PB 0x000000070be00000| Untracked 
|  84|0x000000070c000000, 0x000000070c000000, 0x000000070c200000|  0%| F|  |TAMS 0x000000070c000000| PB 0x000000070c000000| Untracked 
|  85|0x000000070c200000, 0x000000070c200000, 0x000000070c400000|  0%| F|  |TAMS 0x000000070c200000| PB 0x000000070c200000| Untracked 
|  86|0x000000070c400000, 0x000000070c400000, 0x000000070c600000|  0%| F|  |TAMS 0x000000070c400000| PB 0x000000070c400000| Untracked 
|  87|0x000000070c600000, 0x000000070c600000, 0x000000070c800000|  0%| F|  |TAMS 0x000000070c600000| PB 0x000000070c600000| Untracked 
|  88|0x000000070c800000, 0x000000070c800000, 0x000000070ca00000|  0%| F|  |TAMS 0x000000070c800000| PB 0x000000070c800000| Untracked 
|  89|0x000000070ca00000, 0x000000070ca00000, 0x000000070cc00000|  0%| F|  |TAMS 0x000000070ca00000| PB 0x000000070ca00000| Untracked 
|  90|0x000000070cc00000, 0x000000070cc00000, 0x000000070ce00000|  0%| F|  |TAMS 0x000000070cc00000| PB 0x000000070cc00000| Untracked 
|  91|0x000000070ce00000, 0x000000070ce00000, 0x000000070d000000|  0%| F|  |TAMS 0x000000070ce00000| PB 0x000000070ce00000| Untracked 
|  92|0x000000070d000000, 0x000000070d000000, 0x000000070d200000|  0%| F|  |TAMS 0x000000070d000000| PB 0x000000070d000000| Untracked 
|  93|0x000000070d200000, 0x000000070d200000, 0x000000070d400000|  0%| F|  |TAMS 0x000000070d200000| PB 0x000000070d200000| Untracked 
|  94|0x000000070d400000, 0x000000070d400000, 0x000000070d600000|  0%| F|  |TAMS 0x000000070d400000| PB 0x000000070d400000| Untracked 
|  95|0x000000070d600000, 0x000000070d600000, 0x000000070d800000|  0%| F|  |TAMS 0x000000070d600000| PB 0x000000070d600000| Untracked 
|  96|0x000000070d800000, 0x000000070d800000, 0x000000070da00000|  0%| F|  |TAMS 0x000000070d800000| PB 0x000000070d800000| Untracked 
|  97|0x000000070da00000, 0x000000070da00000, 0x000000070dc00000|  0%| F|  |TAMS 0x000000070da00000| PB 0x000000070da00000| Untracked 
|  98|0x000000070dc00000, 0x000000070dc00000, 0x000000070de00000|  0%| F|  |TAMS 0x000000070dc00000| PB 0x000000070dc00000| Untracked 
|  99|0x000000070de00000, 0x000000070de00000, 0x000000070e000000|  0%| F|  |TAMS 0x000000070de00000| PB 0x000000070de00000| Untracked 
| 100|0x000000070e000000, 0x000000070e000000, 0x000000070e200000|  0%| F|  |TAMS 0x000000070e000000| PB 0x000000070e000000| Untracked 
| 101|0x000000070e200000, 0x000000070e200000, 0x000000070e400000|  0%| F|  |TAMS 0x000000070e200000| PB 0x000000070e200000| Untracked 
| 102|0x000000070e400000, 0x000000070e400000, 0x000000070e600000|  0%| F|  |TAMS 0x000000070e400000| PB 0x000000070e400000| Untracked 
| 103|0x000000070e600000, 0x000000070e600000, 0x000000070e800000|  0%| F|  |TAMS 0x000000070e600000| PB 0x000000070e600000| Untracked 
| 104|0x000000070e800000, 0x000000070e800000, 0x000000070ea00000|  0%| F|  |TAMS 0x000000070e800000| PB 0x000000070e800000| Untracked 
| 105|0x000000070ea00000, 0x000000070ea00000, 0x000000070ec00000|  0%| F|  |TAMS 0x000000070ea00000| PB 0x000000070ea00000| Untracked 
| 106|0x000000070ec00000, 0x000000070ec00000, 0x000000070ee00000|  0%| F|  |TAMS 0x000000070ec00000| PB 0x000000070ec00000| Untracked 
| 107|0x000000070ee00000, 0x000000070ee00000, 0x000000070f000000|  0%| F|  |TAMS 0x000000070ee00000| PB 0x000000070ee00000| Untracked 
| 108|0x000000070f000000, 0x000000070f000000, 0x000000070f200000|  0%| F|  |TAMS 0x000000070f000000| PB 0x000000070f000000| Untracked 
| 109|0x000000070f200000, 0x000000070f200000, 0x000000070f400000|  0%| F|  |TAMS 0x000000070f200000| PB 0x000000070f200000| Untracked 
| 110|0x000000070f400000, 0x000000070f400000, 0x000000070f600000|  0%| F|  |TAMS 0x000000070f400000| PB 0x000000070f400000| Untracked 
| 111|0x000000070f600000, 0x000000070f600000, 0x000000070f800000|  0%| F|  |TAMS 0x000000070f600000| PB 0x000000070f600000| Untracked 
| 112|0x000000070f800000, 0x000000070f800000, 0x000000070fa00000|  0%| F|  |TAMS 0x000000070f800000| PB 0x000000070f800000| Untracked 
| 113|0x000000070fa00000, 0x000000070fa00000, 0x000000070fc00000|  0%| F|  |TAMS 0x000000070fa00000| PB 0x000000070fa00000| Untracked 
| 114|0x000000070fc00000, 0x000000070fc00000, 0x000000070fe00000|  0%| F|  |TAMS 0x000000070fc00000| PB 0x000000070fc00000| Untracked 
| 115|0x000000070fe00000, 0x000000070fec7fb0, 0x0000000710000000| 39%| S|CS|TAMS 0x000000070fe00000| PB 0x000000070fe00000| Complete 
| 116|0x0000000710000000, 0x0000000710200000, 0x0000000710200000|100%| S|CS|TAMS 0x0000000710000000| PB 0x0000000710000000| Complete 
| 117|0x0000000710200000, 0x0000000710200000, 0x0000000710400000|  0%| F|  |TAMS 0x0000000710200000| PB 0x0000000710200000| Untracked 
| 118|0x0000000710400000, 0x0000000710400000, 0x0000000710600000|  0%| F|  |TAMS 0x0000000710400000| PB 0x0000000710400000| Untracked 
| 119|0x0000000710600000, 0x0000000710600000, 0x0000000710800000|  0%| F|  |TAMS 0x0000000710600000| PB 0x0000000710600000| Untracked 
| 120|0x0000000710800000, 0x0000000710800000, 0x0000000710a00000|  0%| F|  |TAMS 0x0000000710800000| PB 0x0000000710800000| Untracked 
| 121|0x0000000710a00000, 0x0000000710a00000, 0x0000000710c00000|  0%| F|  |TAMS 0x0000000710a00000| PB 0x0000000710a00000| Untracked 
| 122|0x0000000710c00000, 0x0000000710c00000, 0x0000000710e00000|  0%| F|  |TAMS 0x0000000710c00000| PB 0x0000000710c00000| Untracked 
| 123|0x0000000710e00000, 0x0000000710e00000, 0x0000000711000000|  0%| F|  |TAMS 0x0000000710e00000| PB 0x0000000710e00000| Untracked 
| 124|0x0000000711000000, 0x0000000711000000, 0x0000000711200000|  0%| F|  |TAMS 0x0000000711000000| PB 0x0000000711000000| Untracked 
| 125|0x0000000711200000, 0x0000000711200000, 0x0000000711400000|  0%| F|  |TAMS 0x0000000711200000| PB 0x0000000711200000| Untracked 
| 126|0x0000000711400000, 0x0000000711600000, 0x0000000711600000|100%| E|  |TAMS 0x0000000711400000| PB 0x0000000711400000| Complete 
| 127|0x0000000711600000, 0x0000000711800000, 0x0000000711800000|100%| E|CS|TAMS 0x0000000711600000| PB 0x0000000711600000| Complete 

Card table byte_map: [0x00000129c75c0000,0x00000129c7dc0000] _byte_map_base: 0x00000129c3db4000

Marking Bits: (CMBitMap*) 0x00000129af829840
 Bits: [0x00000129c85c0000, 0x00000129cc560000)

Polling page: 0x00000129ad740000

Metaspace:

Usage:
  Non-class:      6.22 MB used.
      Class:    359.66 KB used.
       Both:      6.57 MB used.

Virtual space:
  Non-class space:       64.00 MB reserved,       6.31 MB ( 10%) committed,  1 nodes.
      Class space:        1.00 GB reserved,     448.00 KB ( <1%) committed,  1 nodes.
             Both:        1.06 GB reserved,       6.75 MB ( <1%) committed. 

Chunk freelists:
   Non-Class:  3.44 MB
       Class:  3.48 MB
        Both:  6.92 MB

MaxMetaspaceSize: unlimited
CompressedClassSpaceSize: 1.00 GB
Initial GC threshold: 21.00 MB
Current GC threshold: 21.00 MB
CDS: on
MetaspaceReclaimPolicy: balanced
 - commit_granule_bytes: 65536.
 - commit_granule_words: 8192.
 - virtual_space_node_default_size: 8388608.
 - enlarge_chunks_in_place: 1.
 - new_chunks_are_fully_committed: 0.
 - uncommit_free_chunks: 1.
 - use_allocation_guard: 0.


Internal statistics:

num_allocs_failed_limit: 0.
num_arena_births: 68.
num_arena_deaths: 0.
num_vsnodes_births: 2.
num_vsnodes_deaths: 0.
num_space_committed: 106.
num_space_uncommitted: 0.
num_chunks_returned_to_freelist: 0.
num_chunks_taken_from_freelist: 256.
num_chunk_merges: 0.
num_chunk_splits: 189.
num_chunks_enlarged: 158.
num_inconsistent_stats: 0.

CodeHeap 'non-profiled nmethods': size=120000Kb used=360Kb max_used=360Kb free=119639Kb
 bounds [0x00000129bf340000, 0x00000129bf5b0000, 0x00000129c6870000]
CodeHeap 'profiled nmethods': size=120000Kb used=1813Kb max_used=1813Kb free=118186Kb
 bounds [0x00000129b7870000, 0x00000129b7ae0000, 0x00000129beda0000]
CodeHeap 'non-nmethods': size=5760Kb used=2167Kb max_used=2198Kb free=3592Kb
 bounds [0x00000129beda0000, 0x00000129bf010000, 0x00000129bf340000]
 total_blobs=2066 nmethods=1035 adapters=942
 compilation: enabled
              stopped_count=0, restarted_count=0
 full_count=0

Compilation events (20 events):
Event: 1.015 Thread 0x00000129cf1db240 1017       3       java.lang.invoke.DirectMethodHandle$Holder::getLong (28 bytes)
Event: 1.015 Thread 0x00000129cf1db240 nmethod 1017 0x00000129b7a32810 code [0x00000129b7a329e0, 0x00000129b7a32f58]
Event: 1.015 Thread 0x00000129cf1db240 1018       3       java.lang.invoke.DirectMethodHandle::fieldOffset (9 bytes)
Event: 1.015 Thread 0x00000129cf1db240 nmethod 1018 0x00000129b7a33110 code [0x00000129b7a332a0, 0x00000129b7a33490]
Event: 1.015 Thread 0x00000129cf1db240 1019       3       java.lang.invoke.DirectMethodHandle::checkBase (5 bytes)
Event: 1.015 Thread 0x00000129cf1db240 nmethod 1019 0x00000129b7a33590 code [0x00000129b7a33740, 0x00000129b7a33998]
Event: 1.016 Thread 0x00000129cf1db240 1020       3       org.lwjgl.PointerBuffer::put (24 bytes)
Event: 1.016 Thread 0x00000129cf1db240 nmethod 1020 0x00000129b7a33a90 code [0x00000129b7a33c40, 0x00000129b7a33f98]
Event: 1.016 Thread 0x00000129cf1db240 1021       3       org.lwjgl.system.Checks::check (17 bytes)
Event: 1.016 Thread 0x00000129cf1db240 nmethod 1021 0x00000129b7a34110 code [0x00000129b7a342c0, 0x00000129b7a34530]
Event: 1.016 Thread 0x00000129cf1db240 1031       3       java.lang.invoke.MethodHandle::setAsTypeCache (33 bytes)
Event: 1.016 Thread 0x00000129cf1db240 nmethod 1031 0x00000129b7a34690 code [0x00000129b7a34880, 0x00000129b7a34ea8]
Event: 1.016 Thread 0x00000129cf1db240 1032       3       java.lang.invoke.MethodHandle::isSafeToCache (14 bytes)
Event: 1.016 Thread 0x00000129cf1db240 nmethod 1032 0x00000129b7a35090 code [0x00000129b7a35220, 0x00000129b7a353a0]
Event: 1.016 Thread 0x00000129cf1d34b0 nmethod 1027 0x00000129bf393090 code [0x00000129bf393220, 0x00000129bf3935a0]
Event: 1.016 Thread 0x00000129cf1d34b0 1030       4       java.lang.invoke.BoundMethodHandle::<init> (32 bytes)
Event: 1.018 Thread 0x00000129d8d9e4c0 nmethod 1029 0x00000129bf393910 code [0x00000129bf393ac0, 0x00000129bf393ef0]
Event: 1.018 Thread 0x00000129d8d9e4c0 1033       4       java.lang.invoke.MethodType::makeImpl (109 bytes)
Event: 1.019 Thread 0x00000129cf1d34b0 nmethod 1030 0x00000129bf394290 code [0x00000129bf394420, 0x00000129bf394850]
Event: 1.019 Thread 0x00000129cf1d34b0 1034       4       java.lang.invoke.MethodType$ConcurrentWeakInternSet::get (47 bytes)

GC Heap History (2 events):
Event: 0.976 GC heap before
{Heap before GC invocations=0 (full 0):
 garbage-first heap   total 262144K, used 22528K [0x0000000701800000, 0x0000000800000000)
  region size 2048K, 11 young (22528K), 0 survivors (0K)
 Metaspace       used 6195K, committed 6336K, reserved 1114112K
  class space    used 338K, committed 384K, reserved 1048576K
}
Event: 0.978 GC heap after
{Heap after GC invocations=1 (full 0):
 garbage-first heap   total 262144K, used 2847K [0x0000000701800000, 0x0000000800000000)
  region size 2048K, 2 young (4096K), 2 survivors (4096K)
 Metaspace       used 6195K, committed 6336K, reserved 1114112K
  class space    used 338K, committed 384K, reserved 1048576K
}

Dll operation events (11 events):
Event: 0.018 Loaded shared library C:\Users\fefee\.jdks\openjdk-20.0.1\bin\java.dll
Event: 0.019 Loaded shared library C:\Users\fefee\.jdks\openjdk-20.0.1\bin\zip.dll
Event: 0.025 Loaded shared library C:\Users\fefee\.jdks\openjdk-20.0.1\bin\jsvml.dll
Event: 0.340 Loaded shared library C:\Users\fefee\.jdks\openjdk-20.0.1\bin\instrument.dll
Event: 0.369 Loaded shared library C:\Users\fefee\.jdks\openjdk-20.0.1\bin\net.dll
Event: 0.370 Loaded shared library C:\Users\fefee\.jdks\openjdk-20.0.1\bin\nio.dll
Event: 0.377 Loaded shared library C:\Users\fefee\.jdks\openjdk-20.0.1\bin\zip.dll
Event: 0.413 Loaded shared library C:\Users\fefee\.jdks\openjdk-20.0.1\bin\jimage.dll
Event: 0.422 Loaded shared library C:\Users\fefee\AppData\Local\Temp\libgdxfefee\d6a9e29c\gdx64.dll
Event: 0.474 Loaded shared library C:\Users\fefee\AppData\Local\Temp\lwjglfefee\3.2.3-build-13\lwjgl.dll
Event: 0.849 Loaded shared library C:\Users\fefee\AppData\Local\Temp\lwjglfefee\3.2.3-build-13\lwjgl_opengl.dll

Deoptimization events (20 events):
Event: 0.396 Thread 0x00000129af7b3ee0 DEOPT PACKING pc=0x00000129bf34ec20 sp=0x00000001006fa8f0
Event: 0.396 Thread 0x00000129af7b3ee0 DEOPT UNPACKING pc=0x00000129bee09d22 sp=0x00000001006fa8a0 mode 2
Event: 0.397 Thread 0x00000129af7b3ee0 Uncommon trap: trap_request=0xffffffde fr.pc=0x00000129bf34ec20 relative=0x0000000000000ba0
Event: 0.397 Thread 0x00000129af7b3ee0 Uncommon trap: reason=class_check action=maybe_recompile pc=0x00000129bf34ec20 method=java.util.HashMap.putVal(ILjava/lang/Object;Ljava/lang/Object;ZZ)Ljava/lang/Object; @ 152 c2
Event: 0.397 Thread 0x00000129af7b3ee0 DEOPT PACKING pc=0x00000129bf34ec20 sp=0x00000001006fa8f0
Event: 0.397 Thread 0x00000129af7b3ee0 DEOPT UNPACKING pc=0x00000129bee09d22 sp=0x00000001006fa8a0 mode 2
Event: 0.397 Thread 0x00000129af7b3ee0 Uncommon trap: trap_request=0xffffffde fr.pc=0x00000129bf34ec20 relative=0x0000000000000ba0
Event: 0.397 Thread 0x00000129af7b3ee0 Uncommon trap: reason=class_check action=maybe_recompile pc=0x00000129bf34ec20 method=java.util.HashMap.putVal(ILjava/lang/Object;Ljava/lang/Object;ZZ)Ljava/lang/Object; @ 152 c2
Event: 0.397 Thread 0x00000129af7b3ee0 DEOPT PACKING pc=0x00000129bf34ec20 sp=0x00000001006fa8f0
Event: 0.397 Thread 0x00000129af7b3ee0 DEOPT UNPACKING pc=0x00000129bee09d22 sp=0x00000001006fa8a0 mode 2
Event: 0.398 Thread 0x00000129af7b3ee0 DEOPT PACKING pc=0x00000129b78a9b3a sp=0x00000001006fa2c0
Event: 0.398 Thread 0x00000129af7b3ee0 DEOPT UNPACKING pc=0x00000129bee0a4c2 sp=0x00000001006f9780 mode 0
Event: 0.415 Thread 0x00000129af7b3ee0 DEOPT PACKING pc=0x00000129b7879e5a sp=0x00000001006fdda0
Event: 0.415 Thread 0x00000129af7b3ee0 DEOPT UNPACKING pc=0x00000129bee0a4c2 sp=0x00000001006fd1c0 mode 0
Event: 0.888 Thread 0x00000129af7b3ee0 Uncommon trap: trap_request=0xffffff5c fr.pc=0x00000129bf37b9f0 relative=0x0000000000000070
Event: 0.888 Thread 0x00000129af7b3ee0 Uncommon trap: reason=speculate_null_check action=make_not_entrant pc=0x00000129bf37b9f0 method=sun.misc.Unsafe.getLong(Ljava/lang/Object;J)J @ 5 c2
Event: 0.888 Thread 0x00000129af7b3ee0 DEOPT PACKING pc=0x00000129bf37b9f0 sp=0x00000001006febc0
Event: 0.888 Thread 0x00000129af7b3ee0 DEOPT UNPACKING pc=0x00000129bee09d22 sp=0x00000001006feb48 mode 2
Event: 0.939 Thread 0x00000129af7b3ee0 DEOPT PACKING pc=0x00000129b78b3101 sp=0x00000001006fda80
Event: 0.939 Thread 0x00000129af7b3ee0 DEOPT UNPACKING pc=0x00000129bee0a4c2 sp=0x00000001006fcee0 mode 0

Classes loaded (20 events):
Event: 0.990 Loading class org/lwjgl/opengl/NVVertexArrayRange
Event: 0.990 Loading class org/lwjgl/opengl/NVVertexArrayRange done
Event: 0.990 Loading class org/lwjgl/opengl/NVVertexAttribInteger64bit
Event: 0.990 Loading class org/lwjgl/opengl/NVVertexAttribInteger64bit done
Event: 0.991 Loading class org/lwjgl/opengl/NVVertexBufferUnifiedMemory
Event: 0.991 Loading class org/lwjgl/opengl/NVVertexBufferUnifiedMemory done
Event: 0.991 Loading class org/lwjgl/opengl/NVViewportSwizzle
Event: 0.991 Loading class org/lwjgl/opengl/NVViewportSwizzle done
Event: 0.991 Loading class org/lwjgl/opengl/NVXConditionalRender
Event: 0.991 Loading class org/lwjgl/opengl/NVXConditionalRender done
Event: 0.992 Loading class org/lwjgl/opengl/NVXGpuMulticast2
Event: 0.992 Loading class org/lwjgl/opengl/NVXGpuMulticast2 done
Event: 0.992 Loading class org/lwjgl/opengl/NVXProgressFence
Event: 0.992 Loading class org/lwjgl/opengl/NVXProgressFence done
Event: 0.992 Loading class org/lwjgl/opengl/OVRMultiview
Event: 0.992 Loading class org/lwjgl/opengl/OVRMultiview done
Event: 1.019 Loading class org/lwjgl/system/MultiReleaseMemCopy
Event: 1.019 Loading class org/lwjgl/system/MultiReleaseMemCopy done
Event: 1.019 Loading class org/lwjgl/opengl/GL11C
Event: 1.019 Loading class org/lwjgl/opengl/GL11C done

Classes unloaded (0 events):
No events

Classes redefined (0 events):
No events

Internal exceptions (20 events):
Event: 0.451 Thread 0x00000129af7b3ee0 Exception <a 'java/lang/NoSuchMethodError'{0x00000007110ee228}: 'void java.lang.invoke.DelegatingMethodHandle$Holder.delegate(java.lang.Object, java.lang.Object, int, java.lang.Object)'> (0x00000007110ee228) 
thrown [s\open\src\hotspot\share\interpreter\linkResolver.cpp, line 773]
Event: 0.452 Thread 0x00000129af7b3ee0 Exception <a 'java/lang/NoSuchMethodError'{0x00000007110f1eb8}: 'int java.lang.invoke.DirectMethodHandle$Holder.invokeSpecial(java.lang.Object, java.lang.Object, java.lang.Object)'> (0x00000007110f1eb8) 
thrown [s\open\src\hotspot\share\interpreter\linkResolver.cpp, line 773]
Event: 0.456 Thread 0x00000129af7b3ee0 Exception <a 'java/lang/NoSuchMethodError'{0x000000071110e198}: 'void java.lang.System.loadLibrary(java.lang.String, java.lang.Class)'> (0x000000071110e198) 
thrown [s\open\src\hotspot\share\interpreter\linkResolver.cpp, line 773]
Event: 0.479 Thread 0x00000129af7b3ee0 Exception <a 'sun/nio/fs/WindowsException'{0x0000000711195c98}> (0x0000000711195c98) 
thrown [s\open\src\hotspot\share\prims\jni.cpp, line 519]
Event: 0.479 Thread 0x00000129af7b3ee0 Exception <a 'sun/nio/fs/WindowsException'{0x00000007111972a8}> (0x00000007111972a8) 
thrown [s\open\src\hotspot\share\prims\jni.cpp, line 519]
Event: 0.513 Thread 0x00000129af7b3ee0 Exception <a 'sun/nio/fs/WindowsException'{0x0000000710ee2ee8}> (0x0000000710ee2ee8) 
thrown [s\open\src\hotspot\share\prims\jni.cpp, line 519]
Event: 0.513 Thread 0x00000129af7b3ee0 Exception <a 'sun/nio/fs/WindowsException'{0x0000000710ee3288}> (0x0000000710ee3288) 
thrown [s\open\src\hotspot\share\prims\jni.cpp, line 519]
Event: 0.528 Thread 0x00000129af7b3ee0 Exception <a 'sun/nio/fs/WindowsException'{0x0000000710f8b9f8}> (0x0000000710f8b9f8) 
thrown [s\open\src\hotspot\share\prims\jni.cpp, line 519]
Event: 0.528 Thread 0x00000129af7b3ee0 Exception <a 'sun/nio/fs/WindowsException'{0x0000000710f8bd68}> (0x0000000710f8bd68) 
thrown [s\open\src\hotspot\share\prims\jni.cpp, line 519]
Event: 0.530 Thread 0x00000129af7b3ee0 Exception <a 'java/lang/NoSuchMethodError'{0x0000000710f914a0}: 'int java.lang.invoke.Invokers$Holder.invokeExact_MT(java.lang.Object, java.lang.Object)'> (0x0000000710f914a0) 
thrown [s\open\src\hotspot\share\interpreter\linkResolver.cpp, line 773]
Event: 0.608 Thread 0x00000129af7b3ee0 Exception <a 'sun/nio/fs/WindowsException'{0x0000000710c20910}> (0x0000000710c20910) 
thrown [s\open\src\hotspot\share\prims\jni.cpp, line 519]
Event: 0.608 Thread 0x00000129af7b3ee0 Exception <a 'sun/nio/fs/WindowsException'{0x0000000710c20c98}> (0x0000000710c20c98) 
thrown [s\open\src\hotspot\share\prims\jni.cpp, line 519]
Event: 0.650 Thread 0x00000129af7b3ee0 Exception <a 'java/lang/NoSuchMethodError'{0x0000000710d18d18}: 'long java.lang.invoke.DelegatingMethodHandle$Holder.reinvoke_L(java.lang.Object, java.lang.Object)'> (0x0000000710d18d18) 
thrown [s\open\src\hotspot\share\interpreter\linkResolver.cpp, line 773]
Event: 0.651 Thread 0x00000129af7b3ee0 Exception <a 'java/lang/NoSuchMethodError'{0x0000000710d1f1f0}: 'long java.lang.invoke.Invokers$Holder.invokeExact_MT(java.lang.Object, java.lang.Object, java.lang.Object)'> (0x0000000710d1f1f0) 
thrown [s\open\src\hotspot\share\interpreter\linkResolver.cpp, line 773]
Event: 0.845 Thread 0x00000129af7b3ee0 Exception <a 'java/lang/NoSuchMethodError'{0x0000000710a48f90}: 'void java.lang.System.load(java.lang.String, java.lang.Class)'> (0x0000000710a48f90) 
thrown [s\open\src\hotspot\share\interpreter\linkResolver.cpp, line 773]
Event: 0.846 Thread 0x00000129af7b3ee0 Exception <a 'java/lang/NoSuchMethodError'{0x0000000710a4bd78}: 'void java.lang.System.loadLibrary(java.lang.String, java.lang.Class)'> (0x0000000710a4bd78) 
thrown [s\open\src\hotspot\share\interpreter\linkResolver.cpp, line 773]
Event: 0.848 Thread 0x00000129af7b3ee0 Exception <a 'sun/nio/fs/WindowsException'{0x0000000710a5c268}> (0x0000000710a5c268) 
thrown [s\open\src\hotspot\share\prims\jni.cpp, line 519]
Event: 0.848 Thread 0x00000129af7b3ee0 Exception <a 'sun/nio/fs/WindowsException'{0x0000000710a5c618}> (0x0000000710a5c618) 
thrown [s\open\src\hotspot\share\prims\jni.cpp, line 519]
Event: 0.850 Thread 0x00000129af7b3ee0 Exception <a 'sun/nio/fs/WindowsException'{0x0000000710a65d40}> (0x0000000710a65d40) 
thrown [s\open\src\hotspot\share\prims\jni.cpp, line 519]
Event: 0.850 Thread 0x00000129af7b3ee0 Exception <a 'sun/nio/fs/WindowsException'{0x0000000710a66028}> (0x0000000710a66028) 
thrown [s\open\src\hotspot\share\prims\jni.cpp, line 519]

VM Operations (8 events):
Event: 0.073 Executing VM operation: HandshakeAllThreads
Event: 0.073 Executing VM operation: HandshakeAllThreads done
Event: 0.338 Executing VM operation: ChangeBreakpoints
Event: 0.338 Executing VM operation: ChangeBreakpoints done
Event: 0.338 Executing VM operation: ChangeBreakpoints
Event: 0.338 Executing VM operation: ChangeBreakpoints done
Event: 0.976 Executing VM operation: G1CollectForAllocation
Event: 0.978 Executing VM operation: G1CollectForAllocation done

Events (15 events):
Event: 0.025 Thread 0x00000129af7b3ee0 Thread added: 0x00000129af7b3ee0
Event: 0.034 Thread 0x00000129cf1c7070 Thread added: 0x00000129cf1c7070
Event: 0.034 Thread 0x00000129cf1c7c70 Thread added: 0x00000129cf1c7c70
Event: 0.034 Thread 0x00000129cf1cb530 Thread added: 0x00000129cf1cb530
Event: 0.034 Thread 0x00000129cf1cef90 Thread added: 0x00000129cf1cef90
Event: 0.034 Thread 0x00000129cf1d0070 Thread added: 0x00000129cf1d0070
Event: 0.034 Thread 0x00000129cf1d1150 Thread added: 0x00000129cf1d1150
Event: 0.034 Thread 0x00000129cf1d34b0 Thread added: 0x00000129cf1d34b0
Event: 0.034 Thread 0x00000129cf1db240 Thread added: 0x00000129cf1db240
Event: 0.069 Thread 0x00000129d34edc50 Thread added: 0x00000129d34edc50
Event: 0.088 Thread 0x00000129d3694690 Thread added: 0x00000129d3694690
Event: 0.088 Thread 0x00000129d35a8d00 Thread added: 0x00000129d35a8d00
Event: 0.089 Thread 0x00000129d35aa4b0 Thread added: 0x00000129d35aa4b0
Event: 0.350 Thread 0x00000129d35b9120 Thread added: 0x00000129d35b9120
Event: 0.876 Thread 0x00000129d8d9e4c0 Thread added: 0x00000129d8d9e4c0


Dynamic libraries:
0x00007ff6c9f60000 - 0x00007ff6c9f6e000 	C:\Users\fefee\.jdks\openjdk-20.0.1\bin\java.exe
0x00007ffef0d50000 - 0x00007ffef0f48000 	C:\WINDOWS\SYSTEM32\ntdll.dll
0x00007ffef0490000 - 0x00007ffef054f000 	C:\WINDOWS\System32\KERNEL32.DLL
0x00007ffeee6c0000 - 0x00007ffeee9b6000 	C:\WINDOWS\System32\KERNELBASE.dll
0x00007ffeeeb40000 - 0x00007ffeeec40000 	C:\WINDOWS\System32\ucrtbase.dll
0x00007ffed1370000 - 0x00007ffed138b000 	C:\Users\fefee\.jdks\openjdk-20.0.1\bin\VCRUNTIME140.dll
0x00007ffed1c30000 - 0x00007ffed1c47000 	C:\Users\fefee\.jdks\openjdk-20.0.1\bin\jli.dll
0x00007ffef0600000 - 0x00007ffef079d000 	C:\WINDOWS\System32\USER32.dll
0x00007ffeee9c0000 - 0x00007ffeee9e2000 	C:\WINDOWS\System32\win32u.dll
0x00007ffee1e80000 - 0x00007ffee211a000 	C:\WINDOWS\WinSxS\amd64_microsoft.windows.common-controls_6595b64144ccf1df_6.0.19041.1110_none_60b5254171f9507e\COMCTL32.dll
0x00007ffeefd80000 - 0x00007ffeefdac000 	C:\WINDOWS\System32\GDI32.dll
0x00007ffeefee0000 - 0x00007ffeeff7e000 	C:\WINDOWS\System32\msvcrt.dll
0x00007ffeee9f0000 - 0x00007ffeeeb05000 	C:\WINDOWS\System32\gdi32full.dll
0x00007ffeee430000 - 0x00007ffeee4cd000 	C:\WINDOWS\System32\msvcp_win.dll
0x00007ffeeedb0000 - 0x00007ffeeede0000 	C:\WINDOWS\System32\IMM32.DLL
0x00007ffed2f30000 - 0x00007ffed2f3c000 	C:\Users\fefee\.jdks\openjdk-20.0.1\bin\vcruntime140_1.dll
0x00007ffeca4e0000 - 0x00007ffeca56e000 	C:\Users\fefee\.jdks\openjdk-20.0.1\bin\msvcp140.dll
0x00007ffe9fea0000 - 0x00007ffea0b37000 	C:\Users\fefee\.jdks\openjdk-20.0.1\bin\server\jvm.dll
0x00007ffef0550000 - 0x00007ffef05ff000 	C:\WINDOWS\System32\ADVAPI32.dll
0x00007ffef0090000 - 0x00007ffef012c000 	C:\WINDOWS\System32\sechost.dll
0x00007ffef0a30000 - 0x00007ffef0b56000 	C:\WINDOWS\System32\RPCRT4.dll
0x00007ffeebc10000 - 0x00007ffeebc19000 	C:\WINDOWS\SYSTEM32\WSOCK32.dll
0x00007ffef0ca0000 - 0x00007ffef0d0b000 	C:\WINDOWS\System32\WS2_32.dll
0x00007ffee54e0000 - 0x00007ffee5507000 	C:\WINDOWS\SYSTEM32\WINMM.dll
0x00007ffee81f0000 - 0x00007ffee81fa000 	C:\WINDOWS\SYSTEM32\VERSION.dll
0x00007ffeec300000 - 0x00007ffeec312000 	C:\WINDOWS\SYSTEM32\kernel.appcore.dll
0x00007ffed2e50000 - 0x00007ffed2e5a000 	C:\Users\fefee\.jdks\openjdk-20.0.1\bin\jimage.dll
0x00007ffee2970000 - 0x00007ffee2b54000 	C:\WINDOWS\SYSTEM32\DBGHELP.DLL
0x00007ffed7110000 - 0x00007ffed7144000 	C:\WINDOWS\SYSTEM32\dbgcore.DLL
0x00007ffeee630000 - 0x00007ffeee6b2000 	C:\WINDOWS\System32\bcryptPrimitives.dll
0x00007ffec9340000 - 0x00007ffec937c000 	C:\Users\fefee\.jdks\openjdk-20.0.1\bin\jdwp.dll
0x00007ffeebbc0000 - 0x00007ffeebbce000 	C:\Users\fefee\.jdks\openjdk-20.0.1\bin\instrument.dll
0x00007ffecf720000 - 0x00007ffecf746000 	C:\Users\fefee\.jdks\openjdk-20.0.1\bin\java.dll
0x00007ffecf5c0000 - 0x00007ffecf5d8000 	C:\Users\fefee\.jdks\openjdk-20.0.1\bin\zip.dll
0x00007ffec6f90000 - 0x00007ffec7067000 	C:\Users\fefee\.jdks\openjdk-20.0.1\bin\jsvml.dll
0x00007ffeef630000 - 0x00007ffeefd74000 	C:\WINDOWS\System32\SHELL32.dll
0x00007ffeec500000 - 0x00007ffeecc93000 	C:\WINDOWS\SYSTEM32\windows.storage.dll
0x00007ffef0130000 - 0x00007ffef0484000 	C:\WINDOWS\System32\combase.dll
0x00007ffeede80000 - 0x00007ffeedeae000 	C:\WINDOWS\SYSTEM32\Wldp.dll
0x00007ffef0bf0000 - 0x00007ffef0c9d000 	C:\WINDOWS\System32\SHCORE.dll
0x00007ffef07a0000 - 0x00007ffef07f5000 	C:\WINDOWS\System32\shlwapi.dll
0x00007ffeee370000 - 0x00007ffeee38f000 	C:\WINDOWS\SYSTEM32\profapi.dll
0x00007ffeea080000 - 0x00007ffeea08c000 	C:\Users\fefee\.jdks\openjdk-20.0.1\bin\dt_socket.dll
0x00007ffeed860000 - 0x00007ffeed89c000 	C:\WINDOWS\SYSTEM32\IPHLPAPI.DLL
0x00007ffeedb70000 - 0x00007ffeedbda000 	C:\WINDOWS\system32\mswsock.dll
0x00007ffecf670000 - 0x00007ffecf683000 	C:\Users\fefee\.jdks\openjdk-20.0.1\bin\net.dll
0x00007ffee7bb0000 - 0x00007ffee7cba000 	C:\WINDOWS\SYSTEM32\WINHTTP.dll
0x00007ffecf650000 - 0x00007ffecf666000 	C:\Users\fefee\.jdks\openjdk-20.0.1\bin\nio.dll
0x0000000065ac0000 - 0x0000000065aea000 	C:\Users\fefee\AppData\Local\Temp\libgdxfefee\d6a9e29c\gdx64.dll
0x00007ffec6df0000 - 0x00007ffec6e54000 	C:\Users\fefee\AppData\Local\Temp\lwjglfefee\3.2.3-build-13\lwjgl.dll
0x00007ffe9e350000 - 0x00007ffe9e5a3000 	C:\Users\fefee\AppData\Local\Temp\lwjglfefee\3.2.3-build-13\jemalloc.dll
0x00007ffec51c0000 - 0x00007ffec5222000 	C:\Users\fefee\AppData\Local\Temp\lwjglfefee\3.2.3-build-13\glfw.dll
0x00007ffeebe30000 - 0x00007ffeebece000 	C:\WINDOWS\system32\uxtheme.dll
0x00007ffec6c40000 - 0x00007ffec6c85000 	C:\WINDOWS\SYSTEM32\dinput8.dll
0x00007ffea8110000 - 0x00007ffea8121000 	C:\WINDOWS\SYSTEM32\xinput1_4.dll
0x00007ffeeecf0000 - 0x00007ffeeed3e000 	C:\WINDOWS\System32\cfgmgr32.dll
0x00007ffeee1e0000 - 0x00007ffeee20c000 	C:\WINDOWS\SYSTEM32\DEVOBJ.dll
0x00007ffeec010000 - 0x00007ffeec03f000 	C:\WINDOWS\SYSTEM32\dwmapi.dll
0x00007ffed6ea0000 - 0x00007ffed6ff2000 	C:\WINDOWS\SYSTEM32\inputhost.dll
0x00007ffeeee90000 - 0x00007ffeeef5d000 	C:\WINDOWS\System32\OLEAUT32.dll
0x00007ffeeaf00000 - 0x00007ffeeb054000 	C:\WINDOWS\SYSTEM32\wintypes.dll
0x00007ffeeb930000 - 0x00007ffeeba22000 	C:\WINDOWS\SYSTEM32\CoreMessaging.dll
0x00007ffee9e20000 - 0x00007ffee9f16000 	C:\WINDOWS\SYSTEM32\PROPSYS.dll
0x00007ffeeb5d0000 - 0x00007ffeeb92e000 	C:\WINDOWS\SYSTEM32\CoreUIComponents.dll
0x00007ffeed540000 - 0x00007ffeed573000 	C:\WINDOWS\SYSTEM32\ntmarta.dll
0x00007ffeeefd0000 - 0x00007ffeef0e4000 	C:\WINDOWS\System32\MSCTF.dll
0x00007ffeecca0000 - 0x00007ffeeccad000 	C:\WINDOWS\SYSTEM32\HID.DLL
0x00007ffeef100000 - 0x00007ffeef568000 	C:\WINDOWS\System32\SETUPAPI.DLL
0x00007ffeeeb10000 - 0x00007ffeeeb37000 	C:\WINDOWS\System32\bcrypt.dll
0x00007ffeeed40000 - 0x00007ffeeeda7000 	C:\WINDOWS\System32\WINTRUST.dll
0x00007ffeee4d0000 - 0x00007ffeee62e000 	C:\WINDOWS\System32\CRYPT32.dll
0x00007ffeee010000 - 0x00007ffeee022000 	C:\WINDOWS\SYSTEM32\MSASN1.dll
0x00007ffec46e0000 - 0x00007ffec47eb000 	C:\Users\fefee\AppData\Local\Temp\lwjglfefee\3.2.3-build-13\OpenAL.dll
0x00007ffeefdb0000 - 0x00007ffeefeda000 	C:\WINDOWS\System32\ole32.dll
0x00007ffeeede0000 - 0x00007ffeeee89000 	C:\WINDOWS\System32\clbcatq.dll
0x00007ffee9590000 - 0x00007ffee9615000 	C:\WINDOWS\System32\MMDevApi.dll
0x00007ffee9650000 - 0x00007ffee97d2000 	C:\WINDOWS\SYSTEM32\AUDIOSES.DLL
0x00007ffeedd80000 - 0x00007ffeeddcb000 	C:\WINDOWS\SYSTEM32\powrprof.dll
0x00007ffeedc40000 - 0x00007ffeedc52000 	C:\WINDOWS\SYSTEM32\UMPDC.dll
0x00007ffeebf10000 - 0x00007ffeebf24000 	C:\WINDOWS\SYSTEM32\resourcepolicyclient.dll
0x00007ffec47f0000 - 0x00007ffec4915000 	C:\WINDOWS\SYSTEM32\opengl32.dll
0x00007ffed2e20000 - 0x00007ffed2e4c000 	C:\WINDOWS\SYSTEM32\GLU32.dll
0x00007ffee8f50000 - 0x00007ffee9054000 	C:\Windows\System32\AppXDeploymentClient.dll
0x00007ffe79cf0000 - 0x00007ffe7df7a000 	C:\WINDOWS\System32\DriverStore\FileRepository\nv_dispi.inf_amd64_675be35f1ba2315e\nvoglv64.dll
0x00007ffeea100000 - 0x00007ffeea114000 	C:\WINDOWS\SYSTEM32\WTSAPI32.dll
0x00007ffee81b0000 - 0x00007ffee81e1000 	C:\WINDOWS\SYSTEM32\cryptnet.dll
0x00007ffee7ef0000 - 0x00007ffee8038000 	C:\WINDOWS\SYSTEM32\drvstore.dll
0x00007ffeeddd0000 - 0x00007ffeedddc000 	C:\WINDOWS\SYSTEM32\cryptbase.dll
0x00007ffee6e50000 - 0x00007ffee6e8b000 	C:\WINDOWS\SYSTEM32\dxcore.dll
0x00007ffea2770000 - 0x00007ffea2a41000 	C:\WINDOWS\system32\nvspcap64.dll
0x00007ffeed6c0000 - 0x00007ffeed724000 	C:\WINDOWS\SYSTEM32\WINSTA.dll
0x00007ffec5110000 - 0x00007ffec5169000 	C:\Users\fefee\AppData\Local\Temp\lwjglfefee\3.2.3-build-13\lwjgl_opengl.dll

dbghelp: loaded successfully - version: 4.0.5 - missing functions: none
symbol engine: initialized successfully - sym options: 0x614 - pdb path: .;C:\Users\fefee\.jdks\openjdk-20.0.1\bin;C:\WINDOWS\SYSTEM32;C:\WINDOWS\WinSxS\amd64_microsoft.windows.common-controls_6595b64144ccf1df_6.0.19041.1110_none_60b5254171f9507e;C:\Users\fefee\.jdks\openjdk-20.0.1\bin\server;C:\Users\fefee\AppData\Local\Temp\libgdxfefee\d6a9e29c;C:\Users\fefee\AppData\Local\Temp\lwjglfefee\3.2.3-build-13;C:\WINDOWS\System32\DriverStore\FileRepository\nv_dispi.inf_amd64_675be35f1ba2315e

VM Arguments:
jvm_args: -agentlib:jdwp=transport=dt_socket,address=127.0.0.1:65122,suspend=y,server=n -javaagent:C:\Users\fefee\AppData\Local\JetBrains\IdeaIC2023.1\captureAgent\debugger-agent.jar -Dfile.encoding=UTF-8 -Dsun.stdout.encoding=UTF-8 -Dsun.stderr.encoding=UTF-8 
java_command: org.catshooter.core.Main
java_class_path (initial): C:\Users\fefee\Desktop\catshooter\target\classes;C:\Users\fefee\.m2\repository\com\badlogicgames\gdx\gdx-box2d-platform\1.9.13\gdx-box2d-platform-1.9.13-natives-desktop.jar;C:\Users\fefee\.m2\repository\com\badlogicgames\gdx\gdx-platform\1.9.13\gdx-platform-1.9.13-natives-desktop.jar;C:\Users\fefee\.m2\repository\com\badlogicgames\gdx\gdx\1.9.13\gdx-1.9.13.jar;C:\Users\fefee\.m2\repository\com\badlogicgames\gdx\gdx-backend-lwjgl3\1.9.13\gdx-backend-lwjgl3-1.9.13.jar;C:\Users\fefee\.m2\repository\org\lwjgl\lwjgl\3.2.3\lwjgl-3.2.3.jar;C:\Users\fefee\.m2\repository\org\lwjgl\lwjgl\3.2.3\lwjgl-3.2.3-natives-windows.jar;C:\Users\fefee\.m2\repository\org\lwjgl\lwjgl\3.2.3\lwjgl-3.2.3-natives-windows-x86.jar;C:\Users\fefee\.m2\repository\org\lwjgl\lwjgl\3.2.3\lwjgl-3.2.3-natives-linux.jar;C:\Users\fefee\.m2\repository\org\lwjgl\lwjgl\3.2.3\lwjgl-3.2.3-natives-linux-arm32.jar;C:\Users\fefee\.m2\repository\org\lwjgl\lwjgl\3.2.3\lwjgl-3.2.3-natives-linux-arm64.jar;C:\Users\fefee\.m2\repository\org\lwjgl\lwjgl\3.2.3\lwjgl-3.2.3-natives-macos.jar;C:\Users\fefee\.m2\repository\org\lwjgl\lwjgl-glfw\3.2.3\lwjgl-glfw-3.2.3.jar;C:\Users\fefee\.m2\repository\org\lwjgl\lwjgl-glfw\3.2.3\lwjgl-glfw-3.2.3-natives-windows.jar;C:\Users\fefee\.m2\repository\org\lwjgl\lwjgl-glfw\3.2.3\lwjgl-glfw-3.2.3-natives-windows-x86.jar;C:\Users\fefee\.m2\repository\org\lwjgl\lwjgl-glfw\3.2.3\lwjgl-glfw-3.2.3-natives-linux.jar;C:\Users\fefee\.m2\repository\org\lwjgl\lwjgl-glfw\3.2.3\lwjgl-glfw-3.2.3-natives-linux-arm32.jar;C:\Users\fefee\.m2\repository\org\lwjgl\lwjgl-glfw\3.2.3\lwjgl-glfw-3.2.3-natives-linux-arm64.jar;C:\Users\fefee\.m2\repository\org\lwjgl\lwjgl-glfw\3.2.3\lwjgl-glfw-3.2.3-natives-macos.jar;C:\Users\fefee\.m2\repository\org\lwjgl\lwjgl-jemalloc\3.2.3\lwjgl-jemalloc-3.2.3.jar;C:\Users\fefee\.m2\repository\org\lwjgl\lwjgl-jemalloc\3.2.3\lwjgl-jemalloc-3.2.3-natives-windows.jar;C:\Users\fefee\.m2\repository\org\lwjgl\lwjgl-jemalloc\3.2.3\lwjgl-jemalloc-3.2.3-natives-windows-x86.jar;C:\Users\fefee\.m2\repository\org\lwjgl\lwjgl-jemalloc\3.2.3\lwjgl-jemalloc-3.2.3-natives-linux.jar;C:\Users\fefee\.m2\repository\org\lwjgl\lwjgl-jemalloc\3.2.3\lwjgl-jemalloc-3.2.3-natives-linux-arm32.jar;C:\Users\fefee\.m2\repository\org\lwjgl\lwjgl-jemalloc\3.2.3\lwjgl-jemalloc-3.2.3-natives-linux-arm64.jar;C:\Users\fefee\.m2\repository\org\lwjgl\lwjgl-jemalloc\3.2.3\lwjgl-jemalloc-3.2.3-natives-macos.jar;C:\Users\fefee\.m2\repository\org\lwjgl\lwjgl-opengl\3.2.3\lwjgl-opengl-3.2.3.jar;C:\Users\fefee\.m2\repository\org\lwjgl\lwjgl-opengl\3.2.3\lwjgl-opengl-3.2.3-natives-windows.jar;C:\Users\fefee\.m2\repository\org\lwjgl\lwjgl-opengl\3.2.3\lwjgl-opengl-3.2.3-natives-windows-x86.jar;C:\Users\fefee\.m2\repository\org\lwjgl\lwjgl-opengl\3.2.3\lwjgl-opengl-3.2.3-natives-linux.jar;C:\Users\fefee\.m2\repository\org\lwjgl\lwjgl-opengl\3.2.3\lwjgl-opengl-3.2.3-natives-linux-arm32.jar;C:\Users\fefee\.m2\repository\org\lwjgl\lwjgl-opengl\3.2.3\lwjgl-opengl-3.2.3-natives-linux-arm64.jar;C:\Users\fefee\.m2\repository\org\lwjgl\lwjgl-opengl\3.2.3\lwjgl-opengl-3.2.3-natives-macos.jar;C:\Users\fefee\.m2\repository\org\lwjgl\lwjgl-openal\3.2.3\lwjgl-openal-3.2.3.jar;C:\Users\fefee\.m2\repository\org\lwjgl\lwjgl-openal\3.2.3\lwjgl-openal-3.2.3-natives-windows.jar;C:\Users\fefee\.m2\repository\org\lwjgl\lwjgl-openal\3.2.3\lwjgl-openal-3.2.3-natives-windows-x86.jar;C:\Users\fefee\.m2\repository\org\lwjgl\lwjgl-openal\3.2.3\lwjgl-openal-3.2.3-natives-linux.jar;C:\Users\fefee\.m2\repository\org\lwjgl\lwjgl-openal\3.2.3\lwjgl-openal-3.2.3-natives-linux-arm32.jar;C:\Users\fefee\.m2\repository\org\lwjgl\lwjgl-openal\3.2.3\lwjgl-openal-3.2.3-natives-linux-arm64.jar;C:\Users\fefee\.m2\repository\org\lwjgl\lwjgl-openal\3.2.3\lwjgl-openal-3.2.3-natives-macos.jar;C:\Users\fefee\.m2\repository\com\badlogicgames\jlayer\jlayer\1.0.1-gdx\jlayer-1.0.1-gdx.jar;C:\Users\fefee\.m2\repository\org\jcraft\jorbis\0.0.17\jorbis-0.0.17.jar;C:\Users\fefee\.m2\repository\com\badlogicgames\gdx\gdx-box2d-platform\1.9.13\gdx-box2d-platform-1.9.13.jar;C:\Users\fefee\.m2\repository\com\badlogicgames\box2dlights\box2dlights\1.5\box2dlights-1.5.jar;C:\Users\fefee\.m2\repository\com\badlogicgames\gdx\gdx-box2d\1.6.2\gdx-box2d-1.6.2.jar;C:\Users\fefee\.m2\repository\com\badlogicgames\gdx\gdx-openal\0.9.9\gdx-openal-0.9.9.jar;C:\Users\fefee\.m2\repository\org\lwjgl\lwjgl\lwjgl\2.9.0\lwjgl-2.9.0.jar;C:\Users\fefee\.m2\repository\org\lwjgl\lwjgl\lwjgl-platform\2.9.0\lwjgl-platform-2.9.0-natives-windows.jar;C:\Users\fefee\.m2\repository\org\lwjgl\lwjgl\lwjgl-platform\2.9.0\lwjgl-platform-2.9.0-natives-linux.jar;C:\Users\fefee\.m2\repository\org\lwjgl\lwjgl\lwjgl-platform\2.9.0\lwjgl-platform-2.9.0-natives-osx.jar;C:\Users\fefee\.m2\repository\net\java\jinput\jinput\2.0.5\jinput-2.0.5.jar;C:\Users\fefee\.m2\repository\net\java\jutils\jutils\1.0.0\jutils-1.0.0.jar;C:\Users\fefee\.m2\repository\net\java\jinput\jinput-platform\2.0.5\jinput-platform-2.0.5-natives-linux.jar;C:\Users\fefee\.m2\repository\net\java\jinput\jinput-platform\2.0.5\jinput-platform-2.0.5-natives-windows.jar;C:\Users\fefee\.m2\repository\net\java\jinput\jinput-platform\2.0.5\jinput-platform-2.0.5-natives-osx.jar;C:\Users\fefee\.m2\repository\io\socket\socket.io-client\2.1.0\socket.io-client-2.1.0.jar;C:\Users\fefee\.m2\repository\io\socket\engine.io-client\2.1.0\engine.io-client-2.1.0.jar;C:\Users\fefee\.m2\repository\com\squareup\okhttp3\okhttp\3.12.12\okhttp-3.12.12.jar;C:\Users\fefee\.m2\repository\com\squareup\okio\okio\1.15.0\okio-1.15.0.jar;C:\Users\fefee\.m2\repository\org\json\json\20090211\json-20090211.jar;C:\Program Files\JetBrains\IntelliJ IDEA Community Edition 2023.1.2\lib\idea_rt.jar
Launcher Type: SUN_STANDARD

[Global flags]
     intx CICompilerCount                          = 4                                         {product} {ergonomic}
     uint ConcGCThreads                            = 3                                         {product} {ergonomic}
     uint G1ConcRefinementThreads                  = 10                                        {product} {ergonomic}
   size_t G1HeapRegionSize                         = 2097152                                   {product} {ergonomic}
    uintx GCDrainStackTargetSize                   = 64                                        {product} {ergonomic}
   size_t InitialHeapSize                          = 268435456                                 {product} {ergonomic}
   size_t MarkStackSize                            = 4194304                                   {product} {ergonomic}
   size_t MaxHeapSize                              = 4269801472                                {product} {ergonomic}
   size_t MaxNewSize                               = 2560622592                                {product} {ergonomic}
   size_t MinHeapDeltaBytes                        = 2097152                                   {product} {ergonomic}
   size_t MinHeapSize                              = 8388608                                   {product} {ergonomic}
    uintx NonNMethodCodeHeapSize                   = 5839372                                {pd product} {ergonomic}
    uintx NonProfiledCodeHeapSize                  = 122909434                              {pd product} {ergonomic}
    uintx ProfiledCodeHeapSize                     = 122909434                              {pd product} {ergonomic}
    uintx ReservedCodeCacheSize                    = 251658240                              {pd product} {ergonomic}
     bool SegmentedCodeCache                       = true                                      {product} {ergonomic}
   size_t SoftMaxHeapSize                          = 4269801472                             {manageable} {ergonomic}
     bool UseCompressedClassPointers               = true                           {product lp64_product} {ergonomic}
     bool UseCompressedOops                        = true                           {product lp64_product} {ergonomic}
     bool UseG1GC                                  = true                                      {product} {ergonomic}
     bool UseLargePagesIndividualAllocation        = false                                  {pd product} {ergonomic}

Logging:
Log output configuration:
 #0: stdout all=warning uptime,level,tags foldmultilines=false
 #1: stderr all=off uptime,level,tags foldmultilines=false

Environment Variables:
PATH=C:\Program Files (x86)\Common Files\Oracle\Java\javapath;C:\WINDOWS\system32;C:\WINDOWS;C:\WINDOWS\System32\Wbem;C:\WINDOWS\System32\WindowsPowerShell\v1.0\;C:\WINDOWS\System32\OpenSSH\;C:\Program Files\dotnet\;C:\Program Files\nodejs\;C:\Program Files\NVIDIA Corporation\NVIDIA NvDLISR;C:\Program Files\Microsoft SQL Server\150\Tools\Binn\;C:\Program Files\Microsoft SQL Server\Client SDK\ODBC\170\Tools\Binn\;C:\Program Files\Git\cmd;C:\Program Files (x86)\NVIDIA Corporation\PhysX\Common;C:\Users\fefee\.cargo\bin;C:\Users\fefee\AppData\Local\Microsoft\WindowsApps;C:\Users\fefee\AppData\Roaming\npm;C:\Users\fefee\.dotnet\tools
USERNAME=fefee
OS=Windows_NT
PROCESSOR_IDENTIFIER=Intel64 Family 6 Model 165 Stepping 3, GenuineIntel
TMP=C:\Users\fefee\AppData\Local\Temp
TEMP=C:\Users\fefee\AppData\Local\Temp




---------------  S Y S T E M  ---------------

OS:
 Windows 10 , 64 bit Build 19041 (10.0.19041.3031)
OS uptime: 0 days 2:03 hours

CPU: total 12 (initial active 12) (6 cores per cpu, 2 threads per core) family 6 model 165 stepping 3 microcode 0xea, cx8, cmov, fxsr, ht, mmx, 3dnowpref, sse, sse2, sse3, ssse3, sse4.1, sse4.2, popcnt, lzcnt, tsc, tscinvbit, avx, avx2, aes, erms, clmul, bmi1, bmi2, adx, fma, vzeroupper, clflush, clflushopt, rdtscp, f16c

Memory: 4k page, system-wide physical 16283M (8783M free)
TotalPageFile size 18715M (AvailPageFile size 7306M)
current process WorkingSet (physical memory assigned to process): 126M, peak: 128M
current process commit charge ("private bytes"): 438M, peak: 439M

vm_info: OpenJDK 64-Bit Server VM (20.0.1+9-29) for windows-amd64 JRE (20.0.1+9-29), built on 2023-03-07T13:56:11Z by "mach5one" with MS VC++ 17.1 (VS2022)

END.
